<?xml version="1.0" encoding="UTF-8" ?>
<testsuite errors="0" failures="0" hostname="Cheeses-MacBook-Air.local" name="RationalTest" skipped="0" tests="33" time="0.029" timestamp="2023-09-12T08:42:53">
  <properties>
    <property name="gopherProxySet" value="false" />
    <property name="awt.toolkit" value="sun.lwawt.macosx.LWCToolkit" />
    <property name="ant.library.dir" value="/Applications/IntelliJ IDEA CE.app/Contents/lib/ant/lib" />
    <property name="ant.file.type" value="file" />
    <property name="java.specification.version" value="11" />
    <property name="sun.cpu.isalist" value="" />
    <property name="sun.jnu.encoding" value="UTF-8" />
    <property name="java.class.path" value="/Users/cheeseandcupcake/Library/Java/JavaVirtualMachines/corretto-11.0.20/Contents/Home!/java.base:/Users/cheeseandcupcake/Library/Java/JavaVirtualMachines/corretto-11.0.20/Contents/Home!/java.compiler:/Users/cheeseandcupcake/Library/Java/JavaVirtualMachines/corretto-11.0.20/Contents/Home!/java.datatransfer:/Users/cheeseandcupcake/Library/Java/JavaVirtualMachines/corretto-11.0.20/Contents/Home!/java.desktop:/Users/cheeseandcupcake/Library/Java/JavaVirtualMachines/corretto-11.0.20/Contents/Home!/java.instrument:/Users/cheeseandcupcake/Library/Java/JavaVirtualMachines/corretto-11.0.20/Contents/Home!/java.logging:/Users/cheeseandcupcake/Library/Java/JavaVirtualMachines/corretto-11.0.20/Contents/Home!/java.management:/Users/cheeseandcupcake/Library/Java/JavaVirtualMachines/corretto-11.0.20/Contents/Home!/java.management.rmi:/Users/cheeseandcupcake/Library/Java/JavaVirtualMachines/corretto-11.0.20/Contents/Home!/java.naming:/Users/cheeseandcupcake/Library/Java/JavaVirtualMachines/corretto-11.0.20/Contents/Home!/java.net.http:/Users/cheeseandcupcake/Library/Java/JavaVirtualMachines/corretto-11.0.20/Contents/Home!/java.prefs:/Users/cheeseandcupcake/Library/Java/JavaVirtualMachines/corretto-11.0.20/Contents/Home!/java.rmi:/Users/cheeseandcupcake/Library/Java/JavaVirtualMachines/corretto-11.0.20/Contents/Home!/java.scripting:/Users/cheeseandcupcake/Library/Java/JavaVirtualMachines/corretto-11.0.20/Contents/Home!/java.se:/Users/cheeseandcupcake/Library/Java/JavaVirtualMachines/corretto-11.0.20/Contents/Home!/java.security.jgss:/Users/cheeseandcupcake/Library/Java/JavaVirtualMachines/corretto-11.0.20/Contents/Home!/java.security.sasl:/Users/cheeseandcupcake/Library/Java/JavaVirtualMachines/corretto-11.0.20/Contents/Home!/java.smartcardio:/Users/cheeseandcupcake/Library/Java/JavaVirtualMachines/corretto-11.0.20/Contents/Home!/java.sql:/Users/cheeseandcupcake/Library/Java/JavaVirtualMachines/corretto-11.0.20/Contents/Home!/java.sql.rowset:/Users/cheeseandcupcake/Library/Java/JavaVirtualMachines/corretto-11.0.20/Contents/Home!/java.transaction.xa:/Users/cheeseandcupcake/Library/Java/JavaVirtualMachines/corretto-11.0.20/Contents/Home!/java.xml:/Users/cheeseandcupcake/Library/Java/JavaVirtualMachines/corretto-11.0.20/Contents/Home!/java.xml.crypto:/Users/cheeseandcupcake/Library/Java/JavaVirtualMachines/corretto-11.0.20/Contents/Home!/jdk.accessibility:/Users/cheeseandcupcake/Library/Java/JavaVirtualMachines/corretto-11.0.20/Contents/Home!/jdk.attach:/Users/cheeseandcupcake/Library/Java/JavaVirtualMachines/corretto-11.0.20/Contents/Home!/jdk.charsets:/Users/cheeseandcupcake/Library/Java/JavaVirtualMachines/corretto-11.0.20/Contents/Home!/jdk.compiler:/Users/cheeseandcupcake/Library/Java/JavaVirtualMachines/corretto-11.0.20/Contents/Home!/jdk.crypto.cryptoki:/Users/cheeseandcupcake/Library/Java/JavaVirtualMachines/corretto-11.0.20/Contents/Home!/jdk.crypto.ec:/Users/cheeseandcupcake/Library/Java/JavaVirtualMachines/corretto-11.0.20/Contents/Home!/jdk.dynalink:/Users/cheeseandcupcake/Library/Java/JavaVirtualMachines/corretto-11.0.20/Contents/Home!/jdk.editpad:/Users/cheeseandcupcake/Library/Java/JavaVirtualMachines/corretto-11.0.20/Contents/Home!/jdk.hotspot.agent:/Users/cheeseandcupcake/Library/Java/JavaVirtualMachines/corretto-11.0.20/Contents/Home!/jdk.httpserver:/Users/cheeseandcupcake/Library/Java/JavaVirtualMachines/corretto-11.0.20/Contents/Home!/jdk.internal.ed:/Users/cheeseandcupcake/Library/Java/JavaVirtualMachines/corretto-11.0.20/Contents/Home!/jdk.internal.jvmstat:/Users/cheeseandcupcake/Library/Java/JavaVirtualMachines/corretto-11.0.20/Contents/Home!/jdk.internal.le:/Users/cheeseandcupcake/Library/Java/JavaVirtualMachines/corretto-11.0.20/Contents/Home!/jdk.internal.opt:/Users/cheeseandcupcake/Library/Java/JavaVirtualMachines/corretto-11.0.20/Contents/Home!/jdk.internal.vm.ci:/Users/cheeseandcupcake/Library/Java/JavaVirtualMachines/corretto-11.0.20/Contents/Home!/jdk.internal.vm.compiler:/Users/cheeseandcupcake/Library/Java/JavaVirtualMachines/corretto-11.0.20/Contents/Home!/jdk.internal.vm.compiler.management:/Users/cheeseandcupcake/Library/Java/JavaVirtualMachines/corretto-11.0.20/Contents/Home!/jdk.jartool:/Users/cheeseandcupcake/Library/Java/JavaVirtualMachines/corretto-11.0.20/Contents/Home!/jdk.javadoc:/Users/cheeseandcupcake/Library/Java/JavaVirtualMachines/corretto-11.0.20/Contents/Home!/jdk.jcmd:/Users/cheeseandcupcake/Library/Java/JavaVirtualMachines/corretto-11.0.20/Contents/Home!/jdk.jconsole:/Users/cheeseandcupcake/Library/Java/JavaVirtualMachines/corretto-11.0.20/Contents/Home!/jdk.jdeps:/Users/cheeseandcupcake/Library/Java/JavaVirtualMachines/corretto-11.0.20/Contents/Home!/jdk.jdi:/Users/cheeseandcupcake/Library/Java/JavaVirtualMachines/corretto-11.0.20/Contents/Home!/jdk.jdwp.agent:/Users/cheeseandcupcake/Library/Java/JavaVirtualMachines/corretto-11.0.20/Contents/Home!/jdk.jfr:/Users/cheeseandcupcake/Library/Java/JavaVirtualMachines/corretto-11.0.20/Contents/Home!/jdk.jlink:/Users/cheeseandcupcake/Library/Java/JavaVirtualMachines/corretto-11.0.20/Contents/Home!/jdk.jshell:/Users/cheeseandcupcake/Library/Java/JavaVirtualMachines/corretto-11.0.20/Contents/Home!/jdk.jsobject:/Users/cheeseandcupcake/Library/Java/JavaVirtualMachines/corretto-11.0.20/Contents/Home!/jdk.jstatd:/Users/cheeseandcupcake/Library/Java/JavaVirtualMachines/corretto-11.0.20/Contents/Home!/jdk.localedata:/Users/cheeseandcupcake/Library/Java/JavaVirtualMachines/corretto-11.0.20/Contents/Home!/jdk.management:/Users/cheeseandcupcake/Library/Java/JavaVirtualMachines/corretto-11.0.20/Contents/Home!/jdk.management.agent:/Users/cheeseandcupcake/Library/Java/JavaVirtualMachines/corretto-11.0.20/Contents/Home!/jdk.management.jfr:/Users/cheeseandcupcake/Library/Java/JavaVirtualMachines/corretto-11.0.20/Contents/Home!/jdk.naming.dns:/Users/cheeseandcupcake/Library/Java/JavaVirtualMachines/corretto-11.0.20/Contents/Home!/jdk.naming.ldap:/Users/cheeseandcupcake/Library/Java/JavaVirtualMachines/corretto-11.0.20/Contents/Home!/jdk.naming.rmi:/Users/cheeseandcupcake/Library/Java/JavaVirtualMachines/corretto-11.0.20/Contents/Home!/jdk.net:/Users/cheeseandcupcake/Library/Java/JavaVirtualMachines/corretto-11.0.20/Contents/Home!/jdk.pack:/Users/cheeseandcupcake/Library/Java/JavaVirtualMachines/corretto-11.0.20/Contents/Home!/jdk.rmic:/Users/cheeseandcupcake/Library/Java/JavaVirtualMachines/corretto-11.0.20/Contents/Home!/jdk.scripting.nashorn:/Users/cheeseandcupcake/Library/Java/JavaVirtualMachines/corretto-11.0.20/Contents/Home!/jdk.scripting.nashorn.shell:/Users/cheeseandcupcake/Library/Java/JavaVirtualMachines/corretto-11.0.20/Contents/Home!/jdk.sctp:/Users/cheeseandcupcake/Library/Java/JavaVirtualMachines/corretto-11.0.20/Contents/Home!/jdk.security.auth:/Users/cheeseandcupcake/Library/Java/JavaVirtualMachines/corretto-11.0.20/Contents/Home!/jdk.security.jgss:/Users/cheeseandcupcake/Library/Java/JavaVirtualMachines/corretto-11.0.20/Contents/Home!/jdk.unsupported:/Users/cheeseandcupcake/Library/Java/JavaVirtualMachines/corretto-11.0.20/Contents/Home!/jdk.unsupported.desktop:/Users/cheeseandcupcake/Library/Java/JavaVirtualMachines/corretto-11.0.20/Contents/Home!/jdk.xml.dom:/Users/cheeseandcupcake/Library/Java/JavaVirtualMachines/corretto-11.0.20/Contents/Home!/jdk.zipfs:/Applications/IntelliJ IDEA CE.app/Contents/lib/ant/lib/ant.jar:/Applications/IntelliJ IDEA CE.app/Contents/lib/idea_rt.jar" />
    <property name="java.vm.vendor" value="Amazon.com Inc." />
    <property name="sun.arch.data.model" value="64" />
    <property name="java.vendor.url" value="https://aws.amazon.com/corretto/" />
    <property name="user.timezone" value="" />
    <property name="java.vm.specification.version" value="11" />
    <property name="os.name" value="Mac OS X" />
    <property name="sun.java.launcher" value="SUN_STANDARD" />
    <property name="user.country" value="TH" />
    <property name="sun.boot.library.path" value="/Users/cheeseandcupcake/Library/Java/JavaVirtualMachines/corretto-11.0.20/Contents/Home/lib" />
    <property name="sun.java.command" value="com.intellij.rt.ant.execution.AntMain2 -logger com.intellij.rt.ant.execution.IdeaAntLogger2 -inputhandler com.intellij.rt.ant.execution.IdeaInputHandler -buildfile /Users/cheeseandcupcake/Rational/build.xml test" />
    <property name="http.nonProxyHosts" value="local|*.local|169.254/16|*.169.254/16" />
    <property name="jdk.debug" value="release" />
    <property name="sun.cpu.endian" value="little" />
    <property name="user.home" value="/Users/cheeseandcupcake" />
    <property name="user.language" value="en" />
    <property name="java.specification.vendor" value="Oracle Corporation" />
    <property name="java.version.date" value="2023-07-18" />
    <property name="java.home" value="/Users/cheeseandcupcake/Library/Java/JavaVirtualMachines/corretto-11.0.20/Contents/Home" />
    <property name="file.separator" value="/" />
    <property name="basedir" value="/Users/cheeseandcupcake/Rational" />
    <property name="java.vm.compressedOopsMode" value="Zero based" />
    <property name="line.separator" value="&#xa;" />
    <property name="ant.java.version" value="11" />
    <property name="java.specification.name" value="Java Platform API Specification" />
    <property name="java.vm.specification.vendor" value="Oracle Corporation" />
    <property name="java.awt.graphicsenv" value="sun.awt.CGraphicsEnvironment" />
    <property name="sun.management.compiler" value="HotSpot 64-Bit Tiered Compilers" />
    <property name="ftp.nonProxyHosts" value="local|*.local|169.254/16|*.169.254/16" />
    <property name="java.runtime.version" value="11.0.20+8-LTS" />
    <property name="user.name" value="cheeseandcupcake" />
    <property name="ant.file" value="/Users/cheeseandcupcake/Rational/build.xml" />
    <property name="path.separator" value=":" />
    <property name="os.version" value="13.3.1" />
    <property name="java.runtime.name" value="OpenJDK Runtime Environment" />
    <property name="file.encoding" value="UTF-8" />
    <property name="ant.project.invoked-targets" value="test" />
    <property name="java.vm.name" value="OpenJDK 64-Bit Server VM" />
    <property name="java.vendor.version" value="Corretto-11.0.20.8.1" />
    <property name="ant.core.lib" value="/Applications/IntelliJ IDEA CE.app/Contents/lib/ant/lib/ant.jar" />
    <property name="java.vendor.url.bug" value="https://github.com/corretto/corretto-11/issues/" />
    <property name="java.io.tmpdir" value="/var/folders/94/d8757zc93v5bn2kqcj0nkm2c0000gn/T/" />
    <property name="java.version" value="11.0.20" />
    <property name="user.dir" value="/Users/cheeseandcupcake/Rational" />
    <property name="os.arch" value="aarch64" />
    <property name="java.vm.specification.name" value="Java Virtual Machine Specification" />
    <property name="java.awt.printerjob" value="sun.lwawt.macosx.CPrinterJob" />
    <property name="ant.home" value="/Applications/IntelliJ IDEA CE.app/Contents/lib/ant" />
    <property name="sun.os.patch.level" value="unknown" />
    <property name="ant.version" value="Apache Ant(TM) version 1.10.12 compiled on October 13 2021" />
    <property name="java.library.path" value="/Users/cheeseandcupcake/Library/Java/Extensions:/Library/Java/Extensions:/Network/Library/Java/Extensions:/System/Library/Java/Extensions:/usr/lib/java:." />
    <property name="java.vendor" value="Amazon.com Inc." />
    <property name="java.vm.info" value="mixed mode" />
    <property name="java.vm.version" value="11.0.20+8-LTS" />
    <property name="java.specification.maintenance.version" value="2" />
    <property name="sun.io.unicode.encoding" value="UnicodeBig" />
    <property name="socksNonProxyHosts" value="local|*.local|169.254/16|*.169.254/16" />
    <property name="java.class.version" value="55.0" />
  </properties>
  <testcase classname="RationalTest" name="testMultiplyZeroNumerator" time="0.002" />
  <testcase classname="RationalTest" name="testMultiplyZeroDenominator" time="0.0" />
  <testcase classname="RationalTest" name="testCompareToOtherObject" time="0.0" />
  <testcase classname="RationalTest" name="testAddZeroNumerator" time="0.0" />
  <testcase classname="RationalTest" name="testMultiplyWholeNumber" time="0.0" />
  <testcase classname="RationalTest" name="testEqualsOtherObject" time="0.0" />
  <testcase classname="RationalTest" name="testSubtractWholeNumber" time="0.0" />
  <testcase classname="RationalTest" name="testMultiplyNegativeNumber" time="0.0" />
  <testcase classname="RationalTest" name="testCompareToZeroDenominator" time="0.001" />
  <testcase classname="RationalTest" name="testToString" time="0.003" />
  <testcase classname="RationalTest" name="testCompareToEquals" time="0.0" />
  <testcase classname="RationalTest" name="testMultiplyPositiveNumber" time="0.001" />
  <testcase classname="RationalTest" name="testSubtractZeroNumerator" time="0.0" />
  <testcase classname="RationalTest" name="testAddWholeNumber" time="0.0" />
  <testcase classname="RationalTest" name="testAddZeroDenominator" time="0.0" />
  <testcase classname="RationalTest" name="testAddPositiveRationalNumber" time="0.0" />
  <testcase classname="RationalTest" name="testEqualsBoth" time="0.0" />
  <testcase classname="RationalTest" name="testDivideNegativeNumber" time="0.0" />
  <testcase classname="RationalTest" name="testCompareToLessThan" time="0.0" />
  <testcase classname="RationalTest" name="testEqualsOnlyDenominator" time="0.0" />
  <testcase classname="RationalTest" name="testDivideZeroDenominator" time="0.001" />
  <testcase classname="RationalTest" name="testDividePositiveNumber" time="0.0" />
  <testcase classname="RationalTest" name="testAddNegativeRationalNumber" time="0.0" />
  <testcase classname="RationalTest" name="testDivideWholeNumber" time="0.0" />
  <testcase classname="RationalTest" name="testSubtractZeroDenominator" time="0.0" />
  <testcase classname="RationalTest" name="testEqualsZeroDenominator" time="0.0" />
  <testcase classname="RationalTest" name="testEqualsOnlyNumerator" time="0.0" />
  <testcase classname="RationalTest" name="testZeroDenominatorConstructor" time="0.0" />
  <testcase classname="RationalTest" name="testSubtractNegativeNumber" time="0.0" />
  <testcase classname="RationalTest" name="testNotEquals" time="0.0" />
  <testcase classname="RationalTest" name="testSubtractPositiveNumber" time="0.0" />
  <testcase classname="RationalTest" name="testDivideZeroNumerator" time="0.0" />
  <testcase classname="RationalTest" name="testCompareToMoreThan" time="0.0" />
  <system-out><![CDATA[]]></system-out>
  <system-err><![CDATA[]]></system-err>
</testsuite>
